<?xml version="1.0" encoding="UTF-8"?>
<TestRun id="cf9848a2-87bd-4aeb-a4ca-598c09c42558" name="jacupan@4IT-JACUPAN 2016-05-04 14:54:33" runUser="ALLEGRO\jacupan" xmlns="http://microsoft.com/schemas/VisualStudio/TeamTest/2010">
  <TestSettings name="Local" id="6d9f6a9b-55e3-4118-a974-29f50095a4e6">
    <Description>These are default test settings for a local test run.</Description>
    <Deployment enabled="false" runDeploymentRoot="jacupan_4IT-JACUPAN 2016-05-04 14_54_33">
      <DeploymentItem filename="C:\Users\jacupan\Documents\Visual Studio 2010\Projects\RfQ Project\RfQWebApp_withMailNotification_UoMDdl_UserAttachment\RfQWebApp\bin\RfQWebApp.dll" />
      <DeploymentItem filename="C:\Users\jacupan\Documents\Visual Studio 2010\Projects\RfQ Project\RfQWebApp_withMailNotification_UoMDdl_UserAttachment\packages\Microsoft.AspNet.Mvc.4.0.20710.0\lib\net40\System.Web.Mvc.dll" />
    </Deployment>
    <Execution>
      <TestTypeSpecific />
      <AgentRule name="Execution Agents">
      </AgentRule>
    </Execution>
  </TestSettings>
  <Times creation="2016-05-04T14:54:33.3797503+08:00" queuing="2016-05-04T14:54:36.3367503+08:00" start="2016-05-04T14:54:36.5347503+08:00" finish="2016-05-04T14:54:39.8377503+08:00" />
  <ResultSummary outcome="Completed">
    <Counters total="1" executed="1" passed="1" error="0" failed="0" timeout="0" aborted="0" inconclusive="0" passedButRunAborted="0" notRunnable="0" notExecuted="0" disconnected="0" warning="0" completed="0" inProgress="0" pending="0" />
  </ResultSummary>
  <TestDefinitions>
    <UnitTest name="TestMethod1" storage="c:\users\jacupan\documents\visual studio 2010\projects\rfq project\rfqwebapp_withmailnotification_uomddl_userattachment\rfqwebapptests\bin\debug\rfqwebapptests.dll" id="3f857d48-671b-26c0-3b62-ed6527baeaab">
      <Execution id="a9a69361-b194-42a4-8324-781938b19737" />
      <TestMethod codeBase="C:/Users/jacupan/Documents/Visual Studio 2010/Projects/RfQ Project/RfQWebApp_withMailNotification_UoMDdl_UserAttachment/RfQWebAppTests/bin/Debug/RfQWebAppTests.DLL" adapterTypeName="Microsoft.VisualStudio.TestTools.TestTypes.Unit.UnitTestAdapter, Microsoft.VisualStudio.QualityTools.Tips.UnitTest.Adapter, Version=10.0.0.0, Culture=neutral, PublicKeyToken=b03f5f7f11d50a3a" className="RfQWebAppTests.UnitTest1, RfQWebAppTests, Version=1.0.0.0, Culture=neutral, PublicKeyToken=null" name="TestMethod1" />
    </UnitTest>
  </TestDefinitions>
  <TestLists>
    <TestList name="Results Not in a List" id="8c84fa94-04c1-424b-9868-57a2d4851a1d" />
    <TestList name="All Loaded Results" id="19431567-8539-422a-85d7-44ee4e166bda" />
  </TestLists>
  <TestEntries>
    <TestEntry testId="3f857d48-671b-26c0-3b62-ed6527baeaab" executionId="a9a69361-b194-42a4-8324-781938b19737" testListId="8c84fa94-04c1-424b-9868-57a2d4851a1d" />
  </TestEntries>
  <Results>
    <UnitTestResult executionId="a9a69361-b194-42a4-8324-781938b19737" testId="3f857d48-671b-26c0-3b62-ed6527baeaab" testName="TestMethod1" computerName="4IT-JACUPAN" duration="00:00:00.0142114" startTime="2016-05-04T14:54:36.7327503+08:00" endTime="2016-05-04T14:54:39.6367503+08:00" testType="13cdc9d9-ddb5-4fa4-a97d-d965ccfc6d4b" outcome="Passed" testListId="8c84fa94-04c1-424b-9868-57a2d4851a1d" relativeResultsDirectory="a9a69361-b194-42a4-8324-781938b19737">
    </UnitTestResult>
  </Results>
</TestRun>